  Game.cpp
  GameState.cpp
  Map.cpp
C:\Users\Davide\Desktop\Deepfog\Deepfog\Map.cpp(10,29): warning C4244: "argument": konwersja z "T" do "const unsigned int", możliwa utrata danych
          with
          [
              T=float
          ]
C:\Users\Davide\Desktop\Deepfog\Deepfog\Map.cpp(17,34): warning C4244: "argument": konwersja z "T" do "const unsigned int", możliwa utrata danych
          with
          [
              T=float
          ]
C:\Users\Davide\Desktop\Deepfog\Deepfog\Map.cpp(19,25): warning C4018: "<": niezgodność typu ze znakiem/bez znaku
  MenuState.cpp
C:\Users\Davide\Desktop\Deepfog\Deepfog\MenuState.cpp(34,90): warning C4244: "argument": konwersja z "T" do "T", możliwa utrata danych
          with
          [
              T=unsigned int
          ]
          and
          [
              T=float
          ]
C:\Users\Davide\Desktop\Deepfog\Deepfog\MenuState.cpp(34,63): warning C4244: "argument": konwersja z "T" do "T", możliwa utrata danych
          with
          [
              T=unsigned int
          ]
          and
          [
              T=float
          ]
  Tile.cpp
  main.cpp
  Generowanie kodu...
  Deepfog.vcxproj -> C:\Users\Davide\Desktop\Deepfog\Debug\Deepfog.exe
