  Animation.cpp
  AnimationEngine.cpp
  Button.cpp
C:\Users\Davide\Desktop\Deepfog\Deepfog\Button.cpp(58,2): warning C4809: instrukcja switch ma nadmiarową etykietę "default"; wszystkie możliwe etykiety "case" są podane
  CollisionEngine.cpp
  Entity.cpp
  Game.cpp
  GameState.cpp
  main.cpp
  Map.cpp
C:\Users\Davide\Desktop\Deepfog\Deepfog\Map.cpp(10,29): warning C4244: "argument": konwersja z "T" do "const unsigned int", możliwa utrata danych
          with
          [
              T=float
          ]
C:\Users\Davide\Desktop\Deepfog\Deepfog\Map.cpp(17,34): warning C4244: "argument": konwersja z "T" do "const unsigned int", możliwa utrata danych
          with
          [
              T=float
          ]
C:\Users\Davide\Desktop\Deepfog\Deepfog\Map.cpp(19,25): warning C4018: "<": niezgodność typu ze znakiem/bez znaku
  MenuState.cpp
C:\Users\Davide\Desktop\Deepfog\Deepfog\MenuState.cpp(34,90): warning C4244: "argument": konwersja z "T" do "T", możliwa utrata danych
          with
          [
              T=unsigned int
          ]
          and
          [
              T=float
          ]
C:\Users\Davide\Desktop\Deepfog\Deepfog\MenuState.cpp(34,63): warning C4244: "argument": konwersja z "T" do "T", możliwa utrata danych
          with
          [
              T=unsigned int
          ]
          and
          [
              T=float
          ]
  MovementEngine.cpp
  Player.cpp
  State.cpp
  Tile.cpp
  Trwa generowanie kodu
  Previous IPDB not found, fall back to full compilation.
  All 637 functions were compiled because no usable IPDB/IOBJ from previous compilation was found.
  Zakończono generowanie kodu
  Deepfog.vcxproj -> C:\Users\Davide\Desktop\Deepfog\Release\Deepfog.exe
